2023-12-18 14:02:35,266 - DEBUG - Loaded backend qtagg version 5.15.9.
2023-12-18 14:04:15,198 - DEBUG - Loaded backend qtagg version 5.15.9.
2023-12-18 14:07:14,577 - DEBUG - Loaded backend qtagg version 5.15.9.
2023-12-18 14:10:12,203 - DEBUG - Loaded backend qtagg version 5.15.9.
2023-12-18 14:10:48,427 - DEBUG - matched regex search: (?:v=|\/)([0-9A-Za-z_-]{11}).*
2023-12-18 14:10:48,993 - ERROR - Error Downloading Video/Playlist 'NoneType' object is not iterable
2023-12-18 14:14:35,052 - DEBUG - matched regex search: (?:v=|\/)([0-9A-Za-z_-]{11}).*
2023-12-18 14:14:37,306 - DEBUG - applying descrambler
2023-12-18 14:14:37,307 - DEBUG - finding initial function name
2023-12-18 14:14:37,307 - DEBUG - Pattern failed: ytplayer\.config\s*=\s*
2023-12-18 14:14:37,308 - DEBUG - Could not parse object.
2023-12-18 14:14:37,358 - DEBUG - finished regex search, matched: (/s/player/[\w\d]+/[\w\d_/.]+/base\.js)
2023-12-18 14:14:38,084 - DEBUG - finding initial function name
2023-12-18 14:14:38,276 - DEBUG - finished regex search, matched: (?P<sig>[a-zA-Z0-9$]+)\s*=\s*function\(\s*a\s*\)\s*{\s*a\s*=\s*a\.split\(\s*""\s*\)
2023-12-18 14:14:38,276 - DEBUG - getting transform plan
2023-12-18 14:14:38,277 - DEBUG - matched regex search: HLa=function\(\w\){[a-z=\.\(\"\)]*;(.*);(?:.+)}
2023-12-18 14:14:38,278 - DEBUG - getting transform object
2023-12-18 14:14:38,279 - DEBUG - Finding throttling function name
2023-12-18 14:14:38,281 - DEBUG - finished regex search, matched: a\.[a-zA-Z]\s*&&\s*\([a-z]\s*=\s*a\.get\("n"\)\)\s*&&\s*\([a-z]\s*=\s*([a-zA-Z0-9$]+)(\[\d+\])?\([a-z]\)
2023-12-18 14:14:38,287 - DEBUG - Finding throttling function name
2023-12-18 14:14:38,288 - DEBUG - finished regex search, matched: a\.[a-zA-Z]\s*&&\s*\([a-z]\s*=\s*a\.get\("n"\)\)\s*&&\s*\([a-z]\s*=\s*([a-zA-Z0-9$]+)(\[\d+\])?\([a-z]\)
2023-12-18 14:14:38,296 - DEBUG - signature found, skip decipher
2023-12-18 14:14:38,297 - DEBUG - signature found, skip decipher
2023-12-18 14:14:38,297 - DEBUG - signature found, skip decipher
2023-12-18 14:14:38,297 - DEBUG - signature found, skip decipher
2023-12-18 14:14:38,297 - DEBUG - signature found, skip decipher
2023-12-18 14:14:38,297 - DEBUG - signature found, skip decipher
2023-12-18 14:14:38,298 - DEBUG - signature found, skip decipher
2023-12-18 14:14:38,298 - DEBUG - signature found, skip decipher
2023-12-18 14:14:38,298 - DEBUG - signature found, skip decipher
2023-12-18 14:14:38,298 - DEBUG - signature found, skip decipher
2023-12-18 14:14:38,298 - DEBUG - signature found, skip decipher
2023-12-18 14:14:38,298 - DEBUG - signature found, skip decipher
2023-12-18 14:14:38,298 - DEBUG - signature found, skip decipher
2023-12-18 14:14:38,299 - DEBUG - signature found, skip decipher
2023-12-18 14:14:38,299 - DEBUG - signature found, skip decipher
2023-12-18 14:14:38,299 - DEBUG - signature found, skip decipher
2023-12-18 14:14:38,299 - DEBUG - signature found, skip decipher
2023-12-18 14:14:38,299 - DEBUG - signature found, skip decipher
2023-12-18 14:14:38,434 - DEBUG - downloading (10681629 total bytes) file to /home/x1b3d3ad/Music/Daily Dose Of Internet - Parents Devastated He Got A Tattoo.mp4
2023-12-18 14:14:39,837 - DEBUG - download remaining: 1244445
2023-12-18 14:14:40,332 - DEBUG - download remaining: 0
2023-12-18 14:14:40,333 - DEBUG - download finished
2023-12-18 14:14:40,334 - DEBUG - matched regex search: (?:v=|\/)([0-9A-Za-z_-]{11}).*
2023-12-18 14:14:40,545 - DEBUG - Starting new HTTPS connection (1): i.ytimg.com:443
2023-12-18 14:14:40,691 - DEBUG - https://i.ytimg.com:443 "GET /vi/DdTy2GIAlH8/hq720.jpg HTTP/1.1" 200 94586
2023-12-18 14:18:11,665 - DEBUG - matched regex search: (?:v=|\/)([0-9A-Za-z_-]{11}).*
2023-12-18 14:18:15,093 - DEBUG - applying descrambler
2023-12-18 14:18:15,094 - DEBUG - finding initial function name
2023-12-18 14:18:15,095 - DEBUG - Pattern failed: ytplayer\.config\s*=\s*
2023-12-18 14:18:15,095 - DEBUG - Could not parse object.
2023-12-18 14:18:15,126 - DEBUG - finished regex search, matched: (/s/player/[\w\d]+/[\w\d_/.]+/base\.js)
2023-12-18 14:18:15,860 - DEBUG - finding initial function name
2023-12-18 14:18:16,060 - DEBUG - finished regex search, matched: (?P<sig>[a-zA-Z0-9$]+)\s*=\s*function\(\s*a\s*\)\s*{\s*a\s*=\s*a\.split\(\s*""\s*\)
2023-12-18 14:18:16,061 - DEBUG - getting transform plan
2023-12-18 14:18:16,061 - DEBUG - matched regex search: HLa=function\(\w\){[a-z=\.\(\"\)]*;(.*);(?:.+)}
2023-12-18 14:18:16,062 - DEBUG - getting transform object
2023-12-18 14:18:16,064 - DEBUG - Finding throttling function name
2023-12-18 14:18:16,065 - DEBUG - finished regex search, matched: a\.[a-zA-Z]\s*&&\s*\([a-z]\s*=\s*a\.get\("n"\)\)\s*&&\s*\([a-z]\s*=\s*([a-zA-Z0-9$]+)(\[\d+\])?\([a-z]\)
2023-12-18 14:18:16,071 - DEBUG - Finding throttling function name
2023-12-18 14:18:16,072 - DEBUG - finished regex search, matched: a\.[a-zA-Z]\s*&&\s*\([a-z]\s*=\s*a\.get\("n"\)\)\s*&&\s*\([a-z]\s*=\s*([a-zA-Z0-9$]+)(\[\d+\])?\([a-z]\)
2023-12-18 14:18:16,081 - DEBUG - signature found, skip decipher
2023-12-18 14:18:16,081 - DEBUG - signature found, skip decipher
2023-12-18 14:18:16,082 - DEBUG - signature found, skip decipher
2023-12-18 14:18:16,082 - DEBUG - signature found, skip decipher
2023-12-18 14:18:16,082 - DEBUG - signature found, skip decipher
2023-12-18 14:18:16,082 - DEBUG - signature found, skip decipher
2023-12-18 14:18:16,082 - DEBUG - signature found, skip decipher
2023-12-18 14:18:16,082 - DEBUG - signature found, skip decipher
2023-12-18 14:18:16,082 - DEBUG - signature found, skip decipher
2023-12-18 14:18:16,082 - DEBUG - signature found, skip decipher
2023-12-18 14:18:16,082 - DEBUG - signature found, skip decipher
2023-12-18 14:18:16,083 - DEBUG - signature found, skip decipher
2023-12-18 14:18:16,083 - DEBUG - signature found, skip decipher
2023-12-18 14:18:16,168 - DEBUG - downloading (155907 total bytes) file to /home/x1b3d3ad/Music/Roku Jones - Tornado Destroying A School Gym In Seconds.mp4
2023-12-18 14:18:16,520 - DEBUG - download remaining: 0
2023-12-18 14:18:16,521 - DEBUG - download finished
2023-12-18 14:18:16,522 - DEBUG - matched regex search: (?:v=|\/)([0-9A-Za-z_-]{11}).*
2023-12-18 14:18:16,742 - DEBUG - Starting new HTTPS connection (1): i.ytimg.com:443
2023-12-18 14:18:16,914 - DEBUG - https://i.ytimg.com:443 "GET /vi/Vbbt0Xi3Xeo/hqdefault.jpg?sqp=-oaymwEXCJADEOABSFryq4qpAwkIARUAAIhCGAE=&rs=AOn4CLCDUfdSQhyE21VF10-xgXqPk9bmeQ HTTP/1.1" 200 25752
2023-12-18 14:18:16,962 - INFO - download video path: /home/x1b3d3ad/Music/Roku Jones - Tornado Destroying A School Gym In Seconds.mp4
2023-12-18 14:18:57,392 - DEBUG - matched regex search: (?:v=|\/)([0-9A-Za-z_-]{11}).*
2023-12-18 14:19:01,529 - DEBUG - applying descrambler
2023-12-18 14:19:01,530 - DEBUG - finding initial function name
2023-12-18 14:19:01,531 - DEBUG - Pattern failed: ytplayer\.config\s*=\s*
2023-12-18 14:19:01,531 - DEBUG - Could not parse object.
2023-12-18 14:19:01,558 - DEBUG - finished regex search, matched: (/s/player/[\w\d]+/[\w\d_/.]+/base\.js)
2023-12-18 14:19:01,559 - DEBUG - finding initial function name
2023-12-18 14:19:01,785 - DEBUG - finished regex search, matched: (?P<sig>[a-zA-Z0-9$]+)\s*=\s*function\(\s*a\s*\)\s*{\s*a\s*=\s*a\.split\(\s*""\s*\)
2023-12-18 14:19:01,785 - DEBUG - getting transform plan
2023-12-18 14:19:01,786 - DEBUG - matched regex search: HLa=function\(\w\){[a-z=\.\(\"\)]*;(.*);(?:.+)}
2023-12-18 14:19:01,786 - DEBUG - getting transform object
2023-12-18 14:19:01,787 - DEBUG - Finding throttling function name
2023-12-18 14:19:01,788 - DEBUG - finished regex search, matched: a\.[a-zA-Z]\s*&&\s*\([a-z]\s*=\s*a\.get\("n"\)\)\s*&&\s*\([a-z]\s*=\s*([a-zA-Z0-9$]+)(\[\d+\])?\([a-z]\)
2023-12-18 14:19:01,793 - DEBUG - Finding throttling function name
2023-12-18 14:19:01,794 - DEBUG - finished regex search, matched: a\.[a-zA-Z]\s*&&\s*\([a-z]\s*=\s*a\.get\("n"\)\)\s*&&\s*\([a-z]\s*=\s*([a-zA-Z0-9$]+)(\[\d+\])?\([a-z]\)
2023-12-18 14:19:01,801 - DEBUG - signature found, skip decipher
2023-12-18 14:19:01,801 - DEBUG - signature found, skip decipher
2023-12-18 14:19:01,801 - DEBUG - signature found, skip decipher
2023-12-18 14:19:01,802 - DEBUG - signature found, skip decipher
2023-12-18 14:19:01,802 - DEBUG - signature found, skip decipher
2023-12-18 14:19:01,802 - DEBUG - signature found, skip decipher
2023-12-18 14:19:01,802 - DEBUG - signature found, skip decipher
2023-12-18 14:19:01,802 - DEBUG - signature found, skip decipher
2023-12-18 14:19:01,802 - DEBUG - signature found, skip decipher
2023-12-18 14:19:01,802 - DEBUG - signature found, skip decipher
2023-12-18 14:19:01,802 - DEBUG - signature found, skip decipher
2023-12-18 14:19:01,802 - DEBUG - signature found, skip decipher
2023-12-18 14:19:01,803 - DEBUG - signature found, skip decipher
2023-12-18 14:19:02,032 - DEBUG - downloading (828158 total bytes) file to /home/x1b3d3ad/Music/Roku Jones - Tornado Destroying A School Gym In Seconds.mp4
2023-12-18 14:19:02,630 - DEBUG - download remaining: 0
2023-12-18 14:19:02,631 - DEBUG - download finished
2023-12-18 14:19:02,631 - DEBUG - matched regex search: (?:v=|\/)([0-9A-Za-z_-]{11}).*
2023-12-18 14:19:02,853 - DEBUG - Starting new HTTPS connection (1): i.ytimg.com:443
2023-12-18 14:19:03,042 - DEBUG - https://i.ytimg.com:443 "GET /vi/Vbbt0Xi3Xeo/hqdefault.jpg?sqp=-oaymwEXCJADEOABSFryq4qpAwkIARUAAIhCGAE=&rs=AOn4CLCDUfdSQhyE21VF10-xgXqPk9bmeQ HTTP/1.1" 200 25752
2023-12-18 14:19:03,089 - INFO - download video path: /home/x1b3d3ad/Music/Roku Jones - Tornado Destroying A School Gym In Seconds.mp4
2023-12-18 14:19:20,663 - DEBUG - matched regex search: (?:v=|\/)([0-9A-Za-z_-]{11}).*
2023-12-18 14:19:24,575 - DEBUG - applying descrambler
2023-12-18 14:19:24,576 - DEBUG - finding initial function name
2023-12-18 14:19:24,577 - DEBUG - Pattern failed: ytplayer\.config\s*=\s*
2023-12-18 14:19:24,577 - DEBUG - Could not parse object.
2023-12-18 14:19:24,621 - DEBUG - finished regex search, matched: (/s/player/[\w\d]+/[\w\d_/.]+/base\.js)
2023-12-18 14:19:24,622 - DEBUG - finding initial function name
2023-12-18 14:19:24,817 - DEBUG - finished regex search, matched: (?P<sig>[a-zA-Z0-9$]+)\s*=\s*function\(\s*a\s*\)\s*{\s*a\s*=\s*a\.split\(\s*""\s*\)
2023-12-18 14:19:24,817 - DEBUG - getting transform plan
2023-12-18 14:19:24,818 - DEBUG - matched regex search: HLa=function\(\w\){[a-z=\.\(\"\)]*;(.*);(?:.+)}
2023-12-18 14:19:24,818 - DEBUG - getting transform object
2023-12-18 14:19:24,819 - DEBUG - Finding throttling function name
2023-12-18 14:19:24,819 - DEBUG - finished regex search, matched: a\.[a-zA-Z]\s*&&\s*\([a-z]\s*=\s*a\.get\("n"\)\)\s*&&\s*\([a-z]\s*=\s*([a-zA-Z0-9$]+)(\[\d+\])?\([a-z]\)
2023-12-18 14:19:24,824 - DEBUG - Finding throttling function name
2023-12-18 14:19:24,825 - DEBUG - finished regex search, matched: a\.[a-zA-Z]\s*&&\s*\([a-z]\s*=\s*a\.get\("n"\)\)\s*&&\s*\([a-z]\s*=\s*([a-zA-Z0-9$]+)(\[\d+\])?\([a-z]\)
2023-12-18 14:19:24,831 - DEBUG - signature found, skip decipher
2023-12-18 14:19:24,831 - DEBUG - signature found, skip decipher
2023-12-18 14:19:24,832 - DEBUG - signature found, skip decipher
2023-12-18 14:19:24,832 - DEBUG - signature found, skip decipher
2023-12-18 14:19:24,832 - DEBUG - signature found, skip decipher
2023-12-18 14:19:24,832 - DEBUG - signature found, skip decipher
2023-12-18 14:19:24,832 - DEBUG - signature found, skip decipher
2023-12-18 14:19:24,832 - DEBUG - signature found, skip decipher
2023-12-18 14:19:24,833 - DEBUG - signature found, skip decipher
2023-12-18 14:19:24,833 - DEBUG - signature found, skip decipher
2023-12-18 14:19:24,833 - DEBUG - signature found, skip decipher
2023-12-18 14:19:24,833 - DEBUG - signature found, skip decipher
2023-12-18 14:19:24,833 - DEBUG - signature found, skip decipher
2023-12-18 14:19:25,074 - DEBUG - downloading (828158 total bytes) file to /home/x1b3d3ad/Music/Roku Jones - Tornado Destroying A School Gym In Seconds.mp4
2023-12-18 14:19:26,084 - DEBUG - download remaining: 0
2023-12-18 14:19:26,086 - DEBUG - download finished
2023-12-18 14:19:26,086 - DEBUG - matched regex search: (?:v=|\/)([0-9A-Za-z_-]{11}).*
2023-12-18 14:19:26,302 - DEBUG - Starting new HTTPS connection (1): i.ytimg.com:443
2023-12-18 14:19:26,467 - DEBUG - https://i.ytimg.com:443 "GET /vi/Vbbt0Xi3Xeo/hqdefault.jpg?sqp=-oaymwEXCJADEOABSFryq4qpAwkIARUAAIhCGAE=&rs=AOn4CLCDUfdSQhyE21VF10-xgXqPk9bmeQ HTTP/1.1" 200 25752
2023-12-18 14:19:26,513 - INFO - download video path: /home/x1b3d3ad/Music/Roku Jones - Tornado Destroying A School Gym In Seconds.mp4
2023-12-18 14:19:58,209 - DEBUG - matched regex search: (?:v=|\/)([0-9A-Za-z_-]{11}).*
2023-12-18 14:20:02,124 - DEBUG - applying descrambler
2023-12-18 14:20:02,125 - DEBUG - finding initial function name
2023-12-18 14:20:02,126 - DEBUG - Pattern failed: ytplayer\.config\s*=\s*
2023-12-18 14:20:02,126 - DEBUG - Could not parse object.
2023-12-18 14:20:02,158 - DEBUG - finished regex search, matched: (/s/player/[\w\d]+/[\w\d_/.]+/base\.js)
2023-12-18 14:20:02,869 - DEBUG - finding initial function name
2023-12-18 14:20:03,086 - DEBUG - finished regex search, matched: (?P<sig>[a-zA-Z0-9$]+)\s*=\s*function\(\s*a\s*\)\s*{\s*a\s*=\s*a\.split\(\s*""\s*\)
2023-12-18 14:20:03,086 - DEBUG - getting transform plan
2023-12-18 14:20:03,087 - DEBUG - matched regex search: HLa=function\(\w\){[a-z=\.\(\"\)]*;(.*);(?:.+)}
2023-12-18 14:20:03,087 - DEBUG - getting transform object
2023-12-18 14:20:03,089 - DEBUG - Finding throttling function name
2023-12-18 14:20:03,090 - DEBUG - finished regex search, matched: a\.[a-zA-Z]\s*&&\s*\([a-z]\s*=\s*a\.get\("n"\)\)\s*&&\s*\([a-z]\s*=\s*([a-zA-Z0-9$]+)(\[\d+\])?\([a-z]\)
2023-12-18 14:20:03,097 - DEBUG - Finding throttling function name
2023-12-18 14:20:03,098 - DEBUG - finished regex search, matched: a\.[a-zA-Z]\s*&&\s*\([a-z]\s*=\s*a\.get\("n"\)\)\s*&&\s*\([a-z]\s*=\s*([a-zA-Z0-9$]+)(\[\d+\])?\([a-z]\)
2023-12-18 14:20:03,107 - DEBUG - signature found, skip decipher
2023-12-18 14:20:03,107 - DEBUG - signature found, skip decipher
2023-12-18 14:20:03,108 - DEBUG - signature found, skip decipher
2023-12-18 14:20:03,108 - DEBUG - signature found, skip decipher
2023-12-18 14:20:03,108 - DEBUG - signature found, skip decipher
2023-12-18 14:20:03,108 - DEBUG - signature found, skip decipher
2023-12-18 14:20:03,108 - DEBUG - signature found, skip decipher
2023-12-18 14:20:03,108 - DEBUG - signature found, skip decipher
2023-12-18 14:20:03,108 - DEBUG - signature found, skip decipher
2023-12-18 14:20:03,108 - DEBUG - signature found, skip decipher
2023-12-18 14:20:03,108 - DEBUG - signature found, skip decipher
2023-12-18 14:20:03,108 - DEBUG - signature found, skip decipher
2023-12-18 14:20:03,108 - DEBUG - signature found, skip decipher
2023-12-18 14:20:03,342 - DEBUG - downloading (828158 total bytes) file to /home/x1b3d3ad/Music/Roku Jones - Tornado Destroying A School Gym In Seconds.mp4
2023-12-18 14:20:04,318 - DEBUG - download remaining: 0
2023-12-18 14:20:04,320 - DEBUG - download finished
2023-12-18 14:20:04,320 - DEBUG - matched regex search: (?:v=|\/)([0-9A-Za-z_-]{11}).*
2023-12-18 14:20:04,544 - DEBUG - Starting new HTTPS connection (1): i.ytimg.com:443
2023-12-18 14:20:04,688 - DEBUG - https://i.ytimg.com:443 "GET /vi/Vbbt0Xi3Xeo/hqdefault.jpg?sqp=-oaymwEXCJADEOABSFryq4qpAwkIARUAAIhCGAE=&rs=AOn4CLCDUfdSQhyE21VF10-xgXqPk9bmeQ HTTP/1.1" 200 25752
